<?xml version="1.0" encoding="UTF-8" ?>
<testsuite tests="4" failures="0" name="students.student_maksim_turcin.lesson_13_homeworks.level_1.TaxCalculatorImplTest" time="0.004" errors="0" skipped="0">
  <properties>
[...]
</properties>
  <testcase classname="students.student_maksim_turcin.lesson_13_homeworks.level_1.TaxCalculatorImplTest" name="shouldPayZeroTaxWhenIncomeIsZero" time="0.004"/>
  <testcase classname="students.student_maksim_turcin.lesson_13_homeworks.level_1.TaxCalculatorImplTest" name="shouldPay25PercentTaxWhenIncomeEqualTo20000" time="0"/>
  <testcase classname="students.student_maksim_turcin.lesson_13_homeworks.level_1.TaxCalculatorImplTest" name="shouldPay40PercentTaxWhenIncomeBiggerThen20000" time="0"/>
  <testcase classname="students.student_maksim_turcin.lesson_13_homeworks.level_1.TaxCalculatorImplTest" name="shouldPay25PercentTaxWhenIncomeLessThen20000" time="0"/>
</testsuite>